<?xml version="1.0" encoding="UTF-8"?>
<!-- Generated by org.testng.reporters.JUnitReportReporter -->
<testsuite skipped="0" hostname="LAPTOP-5UH6HAH1" name="Capgemini.Dlg.NewTest1" tests="2" failures="0" timestamp="12 May 2020 11:31:42 GMT" time="69.190" errors="0">
  <testcase name="testSignUP1" time="40.829" classname="Capgemini.Dlg.NewTest1"/>
  <testcase name="testSignUP1" time="28.361" classname="Capgemini.Dlg.NewTest1"/>
</testsuite> <!-- Capgemini.Dlg.NewTest1 -->
