<?xml version="1.0" encoding="UTF-8"?>
<!-- Generated by org.testng.reporters.JUnitReportReporter -->
<testsuite skipped="0" hostname="LAPTOP-5UH6HAH1" name="Capgemini.Dlg.NewTest1" tests="2" failures="0" timestamp="12 May 2020 13:54:36 GMT" time="51.485" errors="0">
  <testcase name="testSignUP1" time="27.696" classname="Capgemini.Dlg.NewTest1"/>
  <testcase name="testSignUP1" time="23.789" classname="Capgemini.Dlg.NewTest1"/>
</testsuite> <!-- Capgemini.Dlg.NewTest1 -->
