<?xml version="1.0" encoding="UTF-8"?>
<!-- Generated by org.testng.reporters.JUnitReportReporter -->
<testsuite skipped="0" hostname="LAPTOP-5UH6HAH1" name="Capgemini.Dlg.NewTest1" tests="2" failures="0" timestamp="12 Feb 2020 17:56:07 GMT" time="28.886" errors="0">
  <testcase name="testSignUP1" time="13.572" classname="Capgemini.Dlg.NewTest1"/>
  <testcase name="testSignUP1" time="15.314" classname="Capgemini.Dlg.NewTest1"/>
</testsuite> <!-- Capgemini.Dlg.NewTest1 -->
