<?xml version="1.0" encoding="UTF-8"?>
<!-- Generated by org.testng.reporters.JUnitReportReporter -->
<testsuite skipped="0" hostname="LAPTOP-5UH6HAH1" name="Capgemini.Dlg.BaseTest1" tests="1" failures="0" timestamp="05 Nov 2019 20:23:22 GMT" time="0.034" errors="0">
  <testcase name="testtt" time="0.034" classname="Capgemini.Dlg.BaseTest1"/>
</testsuite> <!-- Capgemini.Dlg.BaseTest1 -->
