<?xml version="1.0" encoding="UTF-8"?>
<!-- Generated by org.testng.reporters.JUnitReportReporter -->
<testsuite skipped="0" hostname="LAPTOP-5UH6HAH1" name="Capgemini.Dlg.NewTest1" tests="2" failures="0" timestamp="01 May 2020 16:19:00 GMT" time="76.021" errors="0">
  <testcase name="testSignUP1" time="41.721" classname="Capgemini.Dlg.NewTest1"/>
  <testcase name="testSignUP1" time="34.300" classname="Capgemini.Dlg.NewTest1"/>
</testsuite> <!-- Capgemini.Dlg.NewTest1 -->
