<?xml version="1.0" encoding="UTF-8"?>
<!-- Generated by org.testng.reporters.JUnitReportReporter -->
<testsuite skipped="0" hostname="LAPTOP-5UH6HAH1" name="NewTest1" tests="1" failures="0" timestamp="06 Nov 2019 19:27:50 GMT" time="12.538" errors="0">
  <testcase name="f" time="12.538" classname="NewTest1"/>
</testsuite> <!-- NewTest1 -->
