<?xml version="1.0" encoding="UTF-8"?>
<!-- Generated by org.testng.reporters.JUnitReportReporter -->
<testsuite skipped="0" hostname="LAPTOP-5UH6HAH1" name="Capgemini.Dlg.NewTest1" tests="2" failures="0" timestamp="11 Feb 2020 16:39:29 GMT" time="23.903" errors="0">
  <testcase name="testSignUP1" time="12.744" classname="Capgemini.Dlg.NewTest1"/>
  <testcase name="testSignUP1" time="11.159" classname="Capgemini.Dlg.NewTest1"/>
</testsuite> <!-- Capgemini.Dlg.NewTest1 -->
